0 info it worked if it ends with ok
1 verbose cli [ '/home/newming/.nvm/versions/node/v7.1.0/bin/node',
1 verbose cli   '/home/newming/.nvm/versions/node/v7.1.0/bin/npm',
1 verbose cli   'run',
1 verbose cli   'build' ]
2 info using npm@3.10.9
3 info using node@v7.1.0
4 verbose run-script [ 'prebuild', 'build', 'postbuild' ]
5 info lifecycle es6@1.0.0~prebuild: es6@1.0.0
6 silly lifecycle es6@1.0.0~prebuild: no script for prebuild, continuing
7 info lifecycle es6@1.0.0~build: es6@1.0.0
8 verbose lifecycle es6@1.0.0~build: unsafe-perm in lifecycle true
9 verbose lifecycle es6@1.0.0~build: PATH: /home/newming/.nvm/versions/node/v7.1.0/lib/node_modules/npm/bin/node-gyp-bin:/home/newming/桌面/digicity/es6/node_modules/.bin:/home/newming/.nvm/versions/node/v7.1.0/bin:/usr/local/bin:/usr/bin:/bin:/usr/local/games:/usr/games
10 verbose lifecycle es6@1.0.0~build: CWD: /home/newming/桌面/digicity/es6
11 silly lifecycle es6@1.0.0~build: Args: [ '-c', 'webpack --help' ]
12 silly lifecycle es6@1.0.0~build: Returned: code: 255  signal: null
13 info lifecycle es6@1.0.0~build: Failed to exec build script
14 verbose stack Error: es6@1.0.0 build: `webpack --help`
14 verbose stack Exit status 255
14 verbose stack     at EventEmitter.<anonymous> (/home/newming/.nvm/versions/node/v7.1.0/lib/node_modules/npm/lib/utils/lifecycle.js:255:16)
14 verbose stack     at emitTwo (events.js:106:13)
14 verbose stack     at EventEmitter.emit (events.js:191:7)
14 verbose stack     at ChildProcess.<anonymous> (/home/newming/.nvm/versions/node/v7.1.0/lib/node_modules/npm/lib/utils/spawn.js:40:14)
14 verbose stack     at emitTwo (events.js:106:13)
14 verbose stack     at ChildProcess.emit (events.js:191:7)
14 verbose stack     at maybeClose (internal/child_process.js:885:16)
14 verbose stack     at Process.ChildProcess._handle.onexit (internal/child_process.js:226:5)
15 verbose pkgid es6@1.0.0
16 verbose cwd /home/newming/桌面/digicity/es6
17 error Linux 4.4.0-3-deepin-amd64
18 error argv "/home/newming/.nvm/versions/node/v7.1.0/bin/node" "/home/newming/.nvm/versions/node/v7.1.0/bin/npm" "run" "build"
19 error node v7.1.0
20 error npm  v3.10.9
21 error code ELIFECYCLE
22 error es6@1.0.0 build: `webpack --help`
22 error Exit status 255
23 error Failed at the es6@1.0.0 build script 'webpack --help'.
23 error Make sure you have the latest version of node.js and npm installed.
23 error If you do, this is most likely a problem with the es6 package,
23 error not with npm itself.
23 error Tell the author that this fails on your system:
23 error     webpack --help
23 error You can get information on how to open an issue for this project with:
23 error     npm bugs es6
23 error Or if that isn't available, you can get their info via:
23 error     npm owner ls es6
23 error There is likely additional logging output above.
24 verbose exit [ 1, true ]
